<?xml version="1.0" encoding="UTF-8"?>
<coverage generated="1512773766">
  <project timestamp="1512773766">
    <file name="/var/www/html/Bootstrap.php">
      <class name="Bootstrap" namespace="global">
        <metrics methods="2" coveredmethods="0" conditionals="0" coveredconditionals="0" statements="6" coveredstatements="2" elements="8" coveredelements="2"/>
      </class>
      <line num="11" type="method" name="go" crap="2" count="0"/>
      <line num="14" type="stmt" count="0"/>
      <line num="16" type="stmt" count="0"/>
      <line num="17" type="stmt" count="0"/>
      <line num="22" type="method" name="getConfig" crap="2.15" count="1"/>
      <line num="24" type="stmt" count="1"/>
      <line num="25" type="stmt" count="1"/>
      <line num="27" type="stmt" count="0"/>
      <metrics loc="29" ncloc="15" classes="1" methods="2" coveredmethods="0" conditionals="0" coveredconditionals="0" statements="6" coveredstatements="2" elements="8" coveredelements="2"/>
    </file>
    <file name="/var/www/html/config/local.php">
      <line num="3" type="stmt" count="1"/>
      <metrics loc="22" ncloc="22" classes="0" methods="0" coveredmethods="0" conditionals="0" coveredconditionals="0" statements="1" coveredstatements="1" elements="1" coveredelements="1"/>
    </file>
    <package name="Rioxygen\CiCoreDatabase">
      <file name="/var/www/html/src/CI_DB_driver.php">
        <class name="CI_DB_driver" namespace="Rioxygen\CiCoreDatabase" fullPackage="CodeIgniter.Drivers" category="Database" package="CodeIgniter" subpackage="Drivers">
          <metrics methods="57" coveredmethods="1" conditionals="0" coveredconditionals="0" statements="399" coveredstatements="4" elements="456" coveredelements="5"/>
        </class>
        <line num="369" type="method" name="__construct" crap="3" count="1"/>
        <line num="371" type="stmt" count="1"/>
        <line num="373" type="stmt" count="1"/>
        <line num="375" type="stmt" count="1"/>
        <line num="378" type="stmt" count="1"/>
        <line num="387" type="method" name="initialize" crap="110" count="0"/>
        <line num="395" type="stmt" count="0"/>
        <line num="397" type="stmt" count="0"/>
        <line num="403" type="stmt" count="0"/>
        <line num="406" type="stmt" count="0"/>
        <line num="409" type="stmt" count="0"/>
        <line num="412" type="stmt" count="0"/>
        <line num="415" type="stmt" count="0"/>
        <line num="417" type="stmt" count="0"/>
        <line num="421" type="stmt" count="0"/>
        <line num="424" type="stmt" count="0"/>
        <line num="426" type="stmt" count="0"/>
        <line num="432" type="stmt" count="0"/>
        <line num="434" type="stmt" count="0"/>
        <line num="436" type="stmt" count="0"/>
        <line num="438" type="stmt" count="0"/>
        <line num="441" type="stmt" count="0"/>
        <line num="446" type="stmt" count="0"/>
        <line num="458" type="method" name="db_connect" crap="2" count="0"/>
        <line num="460" type="stmt" count="0"/>
        <line num="470" type="method" name="db_pconnect" crap="2" count="0"/>
        <line num="472" type="stmt" count="0"/>
        <line num="488" type="method" name="reconnect" crap="2" count="0"/>
        <line num="490" type="stmt" count="0"/>
        <line num="502" type="method" name="db_select" crap="2" count="0"/>
        <line num="504" type="stmt" count="0"/>
        <line num="514" type="method" name="error" crap="2" count="0"/>
        <line num="516" type="stmt" count="0"/>
        <line num="527" type="method" name="db_set_charset" crap="20" count="0"/>
        <line num="529" type="stmt" count="0"/>
        <line num="531" type="stmt" count="0"/>
        <line num="533" type="stmt" count="0"/>
        <line num="535" type="stmt" count="0"/>
        <line num="538" type="stmt" count="0"/>
        <line num="541" type="stmt" count="0"/>
        <line num="551" type="method" name="platform" crap="2" count="0"/>
        <line num="553" type="stmt" count="0"/>
        <line num="566" type="method" name="version" crap="20" count="0"/>
        <line num="568" type="stmt" count="0"/>
        <line num="570" type="stmt" count="0"/>
        <line num="573" type="stmt" count="0"/>
        <line num="575" type="stmt" count="0"/>
        <line num="578" type="stmt" count="0"/>
        <line num="579" type="stmt" count="0"/>
        <line num="589" type="method" name="_version" crap="2" count="0"/>
        <line num="591" type="stmt" count="0"/>
        <line num="610" type="method" name="query" crap="702" count="0"/>
        <line num="612" type="stmt" count="0"/>
        <line num="614" type="stmt" count="0"/>
        <line num="615" type="stmt" count="0"/>
        <line num="617" type="stmt" count="0"/>
        <line num="619" type="stmt" count="0"/>
        <line num="623" type="stmt" count="0"/>
        <line num="625" type="stmt" count="0"/>
        <line num="629" type="stmt" count="0"/>
        <line num="631" type="stmt" count="0"/>
        <line num="637" type="stmt" count="0"/>
        <line num="640" type="stmt" count="0"/>
        <line num="642" type="stmt" count="0"/>
        <line num="647" type="stmt" count="0"/>
        <line num="649" type="stmt" count="0"/>
        <line num="653" type="stmt" count="0"/>
        <line num="656" type="stmt" count="0"/>
        <line num="658" type="stmt" count="0"/>
        <line num="660" type="stmt" count="0"/>
        <line num="664" type="stmt" count="0"/>
        <line num="666" type="stmt" count="0"/>
        <line num="670" type="stmt" count="0"/>
        <line num="673" type="stmt" count="0"/>
        <line num="675" type="stmt" count="0"/>
        <line num="681" type="stmt" count="0"/>
        <line num="683" type="stmt" count="0"/>
        <line num="684" type="stmt" count="0"/>
        <line num="685" type="stmt" count="0"/>
        <line num="687" type="stmt" count="0"/>
        <line num="688" type="stmt" count="0"/>
        <line num="693" type="stmt" count="0"/>
        <line num="696" type="stmt" count="0"/>
        <line num="700" type="stmt" count="0"/>
        <line num="701" type="stmt" count="0"/>
        <line num="703" type="stmt" count="0"/>
        <line num="705" type="stmt" count="0"/>
        <line num="709" type="stmt" count="0"/>
        <line num="712" type="stmt" count="0"/>
        <line num="715" type="stmt" count="0"/>
        <line num="717" type="stmt" count="0"/>
        <line num="720" type="stmt" count="0"/>
        <line num="724" type="stmt" count="0"/>
        <line num="725" type="stmt" count="0"/>
        <line num="729" type="stmt" count="0"/>
        <line num="737" type="stmt" count="0"/>
        <line num="738" type="stmt" count="0"/>
        <line num="739" type="stmt" count="0"/>
        <line num="740" type="stmt" count="0"/>
        <line num="743" type="stmt" count="0"/>
        <line num="744" type="stmt" count="0"/>
        <line num="746" type="stmt" count="0"/>
        <line num="749" type="stmt" count="0"/>
        <line num="759" type="method" name="load_rdriver" crap="2" count="0"/>
        <line num="761" type="stmt" count="0"/>
        <line num="762" type="stmt" count="0"/>
        <line num="776" type="method" name="simple_query" crap="12" count="0"/>
        <line num="778" type="stmt" count="0"/>
        <line num="780" type="stmt" count="0"/>
        <line num="782" type="stmt" count="0"/>
        <line num="786" type="stmt" count="0"/>
        <line num="797" type="method" name="trans_off" crap="2" count="0"/>
        <line num="799" type="stmt" count="0"/>
        <line num="800" type="stmt" count="0"/>
        <line num="817" type="method" name="trans_strict" crap="6" count="0"/>
        <line num="819" type="stmt" count="0"/>
        <line num="820" type="stmt" count="0"/>
        <line num="830" type="method" name="trans_start" crap="6" count="0"/>
        <line num="832" type="stmt" count="0"/>
        <line num="834" type="stmt" count="0"/>
        <line num="837" type="stmt" count="0"/>
        <line num="847" type="method" name="trans_complete" crap="30" count="0"/>
        <line num="849" type="stmt" count="0"/>
        <line num="851" type="stmt" count="0"/>
        <line num="855" type="stmt" count="0"/>
        <line num="857" type="stmt" count="0"/>
        <line num="862" type="stmt" count="0"/>
        <line num="864" type="stmt" count="0"/>
        <line num="867" type="stmt" count="0"/>
        <line num="868" type="stmt" count="0"/>
        <line num="871" type="stmt" count="0"/>
        <line num="881" type="method" name="trans_status" crap="2" count="0"/>
        <line num="883" type="stmt" count="0"/>
        <line num="894" type="method" name="trans_begin" crap="20" count="0"/>
        <line num="896" type="stmt" count="0"/>
        <line num="898" type="stmt" count="0"/>
        <line num="901" type="stmt" count="0"/>
        <line num="903" type="stmt" count="0"/>
        <line num="904" type="stmt" count="0"/>
        <line num="910" type="stmt" count="0"/>
        <line num="912" type="stmt" count="0"/>
        <line num="914" type="stmt" count="0"/>
        <line num="915" type="stmt" count="0"/>
        <line num="916" type="stmt" count="0"/>
        <line num="919" type="stmt" count="0"/>
        <line num="929" type="method" name="trans_commit" crap="30" count="0"/>
        <line num="931" type="stmt" count="0"/>
        <line num="933" type="stmt" count="0"/>
        <line num="936" type="stmt" count="0"/>
        <line num="938" type="stmt" count="0"/>
        <line num="939" type="stmt" count="0"/>
        <line num="942" type="stmt" count="0"/>
        <line num="952" type="method" name="trans_rollback" crap="30" count="0"/>
        <line num="954" type="stmt" count="0"/>
        <line num="956" type="stmt" count="0"/>
        <line num="959" type="stmt" count="0"/>
        <line num="961" type="stmt" count="0"/>
        <line num="962" type="stmt" count="0"/>
        <line num="965" type="stmt" count="0"/>
        <line num="977" type="method" name="compile_binds" crap="90" count="0"/>
        <line num="979" type="stmt" count="0"/>
        <line num="981" type="stmt" count="0"/>
        <line num="983" type="stmt" count="0"/>
        <line num="985" type="stmt" count="0"/>
        <line num="986" type="stmt" count="0"/>
        <line num="991" type="stmt" count="0"/>
        <line num="992" type="stmt" count="0"/>
        <line num="996" type="stmt" count="0"/>
        <line num="999" type="stmt" count="0"/>
        <line num="1001" type="stmt" count="0"/>
        <line num="1002" type="stmt" count="0"/>
        <line num="1003" type="stmt" count="0"/>
        <line num="1004" type="stmt" count="0"/>
        <line num="1005" type="stmt" count="0"/>
        <line num="1008" type="stmt" count="0"/>
        <line num="1010" type="stmt" count="0"/>
        <line num="1013" type="stmt" count="0"/>
        <line num="1015" type="stmt" count="0"/>
        <line num="1020" type="stmt" count="0"/>
        <line num="1021" type="stmt" count="0"/>
        <line num="1022" type="stmt" count="0"/>
        <line num="1024" type="stmt" count="0"/>
        <line num="1026" type="stmt" count="0"/>
        <line num="1028" type="stmt" count="0"/>
        <line num="1030" type="stmt" count="0"/>
        <line num="1041" type="method" name="is_write_type" crap="2" count="0"/>
        <line num="1043" type="stmt" count="0"/>
        <line num="1054" type="method" name="elapsed_time" crap="2" count="0"/>
        <line num="1056" type="stmt" count="0"/>
        <line num="1066" type="method" name="total_queries" crap="2" count="0"/>
        <line num="1068" type="stmt" count="0"/>
        <line num="1078" type="method" name="last_query" crap="2" count="0"/>
        <line num="1080" type="stmt" count="0"/>
        <line num="1094" type="method" name="escape" crap="72" count="0"/>
        <line num="1096" type="stmt" count="0"/>
        <line num="1098" type="stmt" count="0"/>
        <line num="1099" type="stmt" count="0"/>
        <line num="1101" type="stmt" count="0"/>
        <line num="1103" type="stmt" count="0"/>
        <line num="1105" type="stmt" count="0"/>
        <line num="1107" type="stmt" count="0"/>
        <line num="1109" type="stmt" count="0"/>
        <line num="1111" type="stmt" count="0"/>
        <line num="1114" type="stmt" count="0"/>
        <line num="1126" type="method" name="escape_str" crap="20" count="0"/>
        <line num="1128" type="stmt" count="0"/>
        <line num="1130" type="stmt" count="0"/>
        <line num="1132" type="stmt" count="0"/>
        <line num="1135" type="stmt" count="0"/>
        <line num="1138" type="stmt" count="0"/>
        <line num="1141" type="stmt" count="0"/>
        <line num="1143" type="stmt" count="0"/>
        <line num="1144" type="stmt" count="0"/>
        <line num="1145" type="stmt" count="0"/>
        <line num="1146" type="stmt" count="0"/>
        <line num="1150" type="stmt" count="0"/>
        <line num="1164" type="method" name="escape_like_str" crap="2" count="0"/>
        <line num="1166" type="stmt" count="0"/>
        <line num="1177" type="method" name="_escape_str" crap="2" count="0"/>
        <line num="1179" type="stmt" count="0"/>
        <line num="1193" type="method" name="primary" crap="6" count="0"/>
        <line num="1195" type="stmt" count="0"/>
        <line num="1196" type="stmt" count="0"/>
        <line num="1210" type="method" name="count_all" crap="12" count="0"/>
        <line num="1212" type="stmt" count="0"/>
        <line num="1214" type="stmt" count="0"/>
        <line num="1217" type="stmt" count="0"/>
        <line num="1218" type="stmt" count="0"/>
        <line num="1220" type="stmt" count="0"/>
        <line num="1223" type="stmt" count="0"/>
        <line num="1224" type="stmt" count="0"/>
        <line num="1225" type="stmt" count="0"/>
        <line num="1236" type="method" name="list_tables" crap="72" count="0"/>
        <line num="1239" type="stmt" count="0"/>
        <line num="1241" type="stmt" count="0"/>
        <line num="1244" type="stmt" count="0"/>
        <line num="1246" type="stmt" count="0"/>
        <line num="1249" type="stmt" count="0"/>
        <line num="1250" type="stmt" count="0"/>
        <line num="1252" type="stmt" count="0"/>
        <line num="1255" type="stmt" count="0"/>
        <line num="1257" type="stmt" count="0"/>
        <line num="1259" type="stmt" count="0"/>
        <line num="1261" type="stmt" count="0"/>
        <line num="1263" type="stmt" count="0"/>
        <line num="1272" type="stmt" count="0"/>
        <line num="1273" type="stmt" count="0"/>
        <line num="1277" type="stmt" count="0"/>
        <line num="1280" type="stmt" count="0"/>
        <line num="1291" type="method" name="table_exists" crap="2" count="0"/>
        <line num="1293" type="stmt" count="0"/>
        <line num="1304" type="method" name="list_fields" crap="72" count="0"/>
        <line num="1307" type="stmt" count="0"/>
        <line num="1309" type="stmt" count="0"/>
        <line num="1312" type="stmt" count="0"/>
        <line num="1314" type="stmt" count="0"/>
        <line num="1317" type="stmt" count="0"/>
        <line num="1318" type="stmt" count="0"/>
        <line num="1320" type="stmt" count="0"/>
        <line num="1323" type="stmt" count="0"/>
        <line num="1325" type="stmt" count="0"/>
        <line num="1327" type="stmt" count="0"/>
        <line num="1329" type="stmt" count="0"/>
        <line num="1331" type="stmt" count="0"/>
        <line num="1336" type="stmt" count="0"/>
        <line num="1340" type="stmt" count="0"/>
        <line num="1343" type="stmt" count="0"/>
        <line num="1355" type="method" name="field_exists" crap="2" count="0"/>
        <line num="1357" type="stmt" count="0"/>
        <line num="1368" type="method" name="field_data" crap="6" count="0"/>
        <line num="1370" type="stmt" count="0"/>
        <line num="1371" type="stmt" count="0"/>
        <line num="1384" type="method" name="escape_identifiers" crap="240" count="0"/>
        <line num="1386" type="stmt" count="0"/>
        <line num="1388" type="stmt" count="0"/>
        <line num="1390" type="stmt" count="0"/>
        <line num="1392" type="stmt" count="0"/>
        <line num="1394" type="stmt" count="0"/>
        <line num="1397" type="stmt" count="0"/>
        <line num="1400" type="stmt" count="0"/>
        <line num="1402" type="stmt" count="0"/>
        <line num="1405" type="stmt" count="0"/>
        <line num="1407" type="stmt" count="0"/>
        <line num="1409" type="stmt" count="0"/>
        <line num="1412" type="stmt" count="0"/>
        <line num="1413" type="stmt" count="0"/>
        <line num="1414" type="stmt" count="0"/>
        <line num="1415" type="stmt" count="0"/>
        <line num="1420" type="stmt" count="0"/>
        <line num="1421" type="stmt" count="0"/>
        <line num="1425" type="stmt" count="0"/>
        <line num="1427" type="stmt" count="0"/>
        <line num="1429" type="stmt" count="0"/>
        <line num="1433" type="stmt" count="0"/>
        <line num="1445" type="method" name="insert_string" crap="6" count="0"/>
        <line num="1447" type="stmt" count="0"/>
        <line num="1449" type="stmt" count="0"/>
        <line num="1451" type="stmt" count="0"/>
        <line num="1452" type="stmt" count="0"/>
        <line num="1455" type="stmt" count="0"/>
        <line num="1470" type="method" name="_insert" crap="2" count="0"/>
        <line num="1472" type="stmt" count="0"/>
        <line num="1485" type="method" name="update_string" crap="12" count="0"/>
        <line num="1487" type="stmt" count="0"/>
        <line num="1489" type="stmt" count="0"/>
        <line num="1492" type="stmt" count="0"/>
        <line num="1494" type="stmt" count="0"/>
        <line num="1495" type="stmt" count="0"/>
        <line num="1497" type="stmt" count="0"/>
        <line num="1500" type="stmt" count="0"/>
        <line num="1501" type="stmt" count="0"/>
        <line num="1502" type="stmt" count="0"/>
        <line num="1516" type="method" name="_update" crap="12" count="0"/>
        <line num="1518" type="stmt" count="0"/>
        <line num="1520" type="stmt" count="0"/>
        <line num="1523" type="stmt" count="0"/>
        <line num="1524" type="stmt" count="0"/>
        <line num="1525" type="stmt" count="0"/>
        <line num="1526" type="stmt" count="0"/>
        <line num="1537" type="method" name="_has_operator" crap="2" count="0"/>
        <line num="1539" type="stmt" count="0"/>
        <line num="1550" type="method" name="_get_operator" crap="20" count="0"/>
        <line num="1552" type="stmt" count="0"/>
        <line num="1554" type="stmt" count="0"/>
        <line num="1556" type="stmt" count="0"/>
        <line num="1557" type="stmt" count="0"/>
        <line num="1558" type="stmt" count="0"/>
        <line num="1560" type="stmt" count="0"/>
        <line num="1561" type="stmt" count="0"/>
        <line num="1562" type="stmt" count="0"/>
        <line num="1563" type="stmt" count="0"/>
        <line num="1564" type="stmt" count="0"/>
        <line num="1565" type="stmt" count="0"/>
        <line num="1566" type="stmt" count="0"/>
        <line num="1567" type="stmt" count="0"/>
        <line num="1568" type="stmt" count="0"/>
        <line num="1569" type="stmt" count="0"/>
        <line num="1570" type="stmt" count="0"/>
        <line num="1571" type="stmt" count="0"/>
        <line num="1576" type="stmt" count="0"/>
        <line num="1577" type="stmt" count="0"/>
        <line num="1588" type="method" name="call_function" crap="42" count="0"/>
        <line num="1590" type="stmt" count="0"/>
        <line num="1592" type="stmt" count="0"/>
        <line num="1594" type="stmt" count="0"/>
        <line num="1597" type="stmt" count="0"/>
        <line num="1599" type="stmt" count="0"/>
        <line num="1602" type="stmt" count="0"/>
        <line num="1603" type="stmt" count="0"/>
        <line num="1604" type="stmt" count="0"/>
        <line num="1615" type="method" name="cache_set_path" crap="2" count="0"/>
        <line num="1617" type="stmt" count="0"/>
        <line num="1618" type="stmt" count="0"/>
        <line num="1627" type="method" name="cache_on" crap="2" count="0"/>
        <line num="1629" type="stmt" count="0"/>
        <line num="1639" type="method" name="cache_off" crap="2" count="0"/>
        <line num="1641" type="stmt" count="0"/>
        <line num="1653" type="method" name="cache_delete" crap="6" count="0"/>
        <line num="1655" type="stmt" count="0"/>
        <line num="1656" type="stmt" count="0"/>
        <line num="1657" type="stmt" count="0"/>
        <line num="1667" type="method" name="cache_delete_all" crap="6" count="0"/>
        <line num="1669" type="stmt" count="0"/>
        <line num="1670" type="stmt" count="0"/>
        <line num="1671" type="stmt" count="0"/>
        <line num="1681" type="method" name="_cache_init" crap="12" count="0"/>
        <line num="1683" type="stmt" count="0"/>
        <line num="1685" type="stmt" count="0"/>
        <line num="1687" type="stmt" count="0"/>
        <line num="1689" type="stmt" count="0"/>
        <line num="1692" type="stmt" count="0"/>
        <line num="1693" type="stmt" count="0"/>
        <line num="1703" type="method" name="close" crap="6" count="0"/>
        <line num="1705" type="stmt" count="0"/>
        <line num="1707" type="stmt" count="0"/>
        <line num="1708" type="stmt" count="0"/>
        <line num="1710" type="stmt" count="0"/>
        <line num="1721" type="method" name="_close" crap="2" count="0"/>
        <line num="1723" type="stmt" count="0"/>
        <line num="1724" type="stmt" count="0"/>
        <line num="1736" type="method" name="display_error" crap="72" count="0"/>
        <line num="1738" type="stmt" count="0"/>
        <line num="1739" type="stmt" count="0"/>
        <line num="1741" type="stmt" count="0"/>
        <line num="1743" type="stmt" count="0"/>
        <line num="1745" type="stmt" count="0"/>
        <line num="1749" type="stmt" count="0"/>
        <line num="1755" type="stmt" count="0"/>
        <line num="1756" type="stmt" count="0"/>
        <line num="1758" type="stmt" count="0"/>
        <line num="1761" type="stmt" count="0"/>
        <line num="1763" type="stmt" count="0"/>
        <line num="1766" type="stmt" count="0"/>
        <line num="1769" type="stmt" count="0"/>
        <line num="1770" type="stmt" count="0"/>
        <line num="1771" type="stmt" count="0"/>
        <line num="1776" type="stmt" count="0"/>
        <line num="1777" type="stmt" count="0"/>
        <line num="1778" type="stmt" count="0"/>
        <line num="1809" type="method" name="protect_identifiers" crap="930" count="0"/>
        <line num="1811" type="stmt" count="0"/>
        <line num="1813" type="stmt" count="0"/>
        <line num="1816" type="stmt" count="0"/>
        <line num="1818" type="stmt" count="0"/>
        <line num="1819" type="stmt" count="0"/>
        <line num="1821" type="stmt" count="0"/>
        <line num="1824" type="stmt" count="0"/>
        <line num="1834" type="stmt" count="0"/>
        <line num="1836" type="stmt" count="0"/>
        <line num="1840" type="stmt" count="0"/>
        <line num="1844" type="stmt" count="0"/>
        <line num="1846" type="stmt" count="0"/>
        <line num="1847" type="stmt" count="0"/>
        <line num="1848" type="stmt" count="0"/>
        <line num="1849" type="stmt" count="0"/>
        <line num="1851" type="stmt" count="0"/>
        <line num="1853" type="stmt" count="0"/>
        <line num="1854" type="stmt" count="0"/>
        <line num="1855" type="stmt" count="0"/>
        <line num="1856" type="stmt" count="0"/>
        <line num="1860" type="stmt" count="0"/>
        <line num="1866" type="stmt" count="0"/>
        <line num="1868" type="stmt" count="0"/>
        <line num="1876" type="stmt" count="0"/>
        <line num="1878" type="stmt" count="0"/>
        <line num="1880" type="stmt" count="0"/>
        <line num="1882" type="stmt" count="0"/>
        <line num="1884" type="stmt" count="0"/>
        <line num="1888" type="stmt" count="0"/>
        <line num="1891" type="stmt" count="0"/>
        <line num="1895" type="stmt" count="0"/>
        <line num="1900" type="stmt" count="0"/>
        <line num="1902" type="stmt" count="0"/>
        <line num="1906" type="stmt" count="0"/>
        <line num="1908" type="stmt" count="0"/>
        <line num="1914" type="stmt" count="0"/>
        <line num="1919" type="stmt" count="0"/>
        <line num="1921" type="stmt" count="0"/>
        <line num="1925" type="stmt" count="0"/>
        <line num="1927" type="stmt" count="0"/>
        <line num="1930" type="stmt" count="0"/>
        <line num="1932" type="stmt" count="0"/>
        <line num="1936" type="stmt" count="0"/>
        <line num="1939" type="stmt" count="0"/>
        <line num="1941" type="stmt" count="0"/>
        <line num="1944" type="stmt" count="0"/>
        <line num="1948" type="stmt" count="0"/>
        <line num="1951" type="stmt" count="0"/>
        <line num="1953" type="stmt" count="0"/>
        <line num="1956" type="stmt" count="0"/>
        <line num="1958" type="stmt" count="0"/>
        <line num="1962" type="stmt" count="0"/>
        <line num="1964" type="stmt" count="0"/>
        <line num="1967" type="stmt" count="0"/>
        <line num="1978" type="method" name="_reset_select" crap="2" count="0"/>
        <line num="1980" type="stmt" count="0"/>
        <metrics loc="1982" ncloc="946" classes="1" methods="57" coveredmethods="1" conditionals="0" coveredconditionals="0" statements="399" coveredstatements="4" elements="456" coveredelements="5"/>
      </file>
    </package>
    <package name="Rioxygen\CiCoreDatabase\Mysql">
      <file name="/var/www/html/src/Mysql/CI_DB_mysqli_driver.php">
        <class name="CI_DB_mysqli_driver" namespace="Rioxygen\CiCoreDatabase\Mysql" fullPackage="CodeIgniter.Drivers" category="Database" package="CodeIgniter" subpackage="Drivers">
          <metrics methods="20" coveredmethods="1" conditionals="0" coveredconditionals="0" statements="107" coveredstatements="2" elements="127" coveredelements="3"/>
        </class>
        <line num="112" type="method" name="__construct" crap="1" count="1"/>
        <line num="113" type="stmt" count="1"/>
        <line num="114" type="stmt" count="1"/>
        <line num="122" type="method" name="db_connect" crap="812" count="0"/>
        <line num="125" type="stmt" count="0"/>
        <line num="127" type="stmt" count="0"/>
        <line num="128" type="stmt" count="0"/>
        <line num="129" type="stmt" count="0"/>
        <line num="133" type="stmt" count="0"/>
        <line num="134" type="stmt" count="0"/>
        <line num="135" type="stmt" count="0"/>
        <line num="136" type="stmt" count="0"/>
        <line num="139" type="stmt" count="0"/>
        <line num="140" type="stmt" count="0"/>
        <line num="142" type="stmt" count="0"/>
        <line num="144" type="stmt" count="0"/>
        <line num="146" type="stmt" count="0"/>
        <line num="148" type="stmt" count="0"/>
        <line num="152" type="stmt" count="0"/>
        <line num="153" type="stmt" count="0"/>
        <line num="166" type="stmt" count="0"/>
        <line num="168" type="stmt" count="0"/>
        <line num="169" type="stmt" count="0"/>
        <line num="170" type="stmt" count="0"/>
        <line num="171" type="stmt" count="0"/>
        <line num="172" type="stmt" count="0"/>
        <line num="173" type="stmt" count="0"/>
        <line num="175" type="stmt" count="0"/>
        <line num="177" type="stmt" count="0"/>
        <line num="179" type="stmt" count="0"/>
        <line num="181" type="stmt" count="0"/>
        <line num="189" type="stmt" count="0"/>
        <line num="191" type="stmt" count="0"/>
        <line num="195" type="stmt" count="0"/>
        <line num="196" type="stmt" count="0"/>
        <line num="197" type="stmt" count="0"/>
        <line num="198" type="stmt" count="0"/>
        <line num="199" type="stmt" count="0"/>
        <line num="200" type="stmt" count="0"/>
        <line num="201" type="stmt" count="0"/>
        <line num="206" type="stmt" count="0"/>
        <line num="210" type="stmt" count="0"/>
        <line num="211" type="stmt" count="0"/>
        <line num="212" type="stmt" count="0"/>
        <line num="215" type="stmt" count="0"/>
        <line num="216" type="stmt" count="0"/>
        <line num="217" type="stmt" count="0"/>
        <line num="220" type="stmt" count="0"/>
        <line num="223" type="stmt" count="0"/>
        <line num="236" type="method" name="reconnect" crap="12" count="0"/>
        <line num="238" type="stmt" count="0"/>
        <line num="240" type="stmt" count="0"/>
        <line num="242" type="stmt" count="0"/>
        <line num="252" type="method" name="db_select" crap="12" count="0"/>
        <line num="254" type="stmt" count="0"/>
        <line num="256" type="stmt" count="0"/>
        <line num="259" type="stmt" count="0"/>
        <line num="261" type="stmt" count="0"/>
        <line num="262" type="stmt" count="0"/>
        <line num="263" type="stmt" count="0"/>
        <line num="266" type="stmt" count="0"/>
        <line num="277" type="method" name="_db_set_charset" crap="2" count="0"/>
        <line num="279" type="stmt" count="0"/>
        <line num="289" type="method" name="version" crap="6" count="0"/>
        <line num="291" type="stmt" count="0"/>
        <line num="293" type="stmt" count="0"/>
        <line num="296" type="stmt" count="0"/>
        <line num="307" type="method" name="_execute" crap="2" count="0"/>
        <line num="309" type="stmt" count="0"/>
        <line num="322" type="method" name="_prep_query" crap="12" count="0"/>
        <line num="326" type="stmt" count="0"/>
        <line num="328" type="stmt" count="0"/>
        <line num="331" type="stmt" count="0"/>
        <line num="341" type="method" name="_trans_begin" crap="6" count="0"/>
        <line num="343" type="stmt" count="0"/>
        <line num="344" type="stmt" count="0"/>
        <line num="345" type="stmt" count="0"/>
        <line num="346" type="stmt" count="0"/>
        <line num="356" type="method" name="_trans_commit" crap="6" count="0"/>
        <line num="358" type="stmt" count="0"/>
        <line num="360" type="stmt" count="0"/>
        <line num="361" type="stmt" count="0"/>
        <line num="364" type="stmt" count="0"/>
        <line num="374" type="method" name="_trans_rollback" crap="6" count="0"/>
        <line num="376" type="stmt" count="0"/>
        <line num="378" type="stmt" count="0"/>
        <line num="379" type="stmt" count="0"/>
        <line num="382" type="stmt" count="0"/>
        <line num="393" type="method" name="_escape_str" crap="2" count="0"/>
        <line num="395" type="stmt" count="0"/>
        <line num="405" type="method" name="affected_rows" crap="2" count="0"/>
        <line num="407" type="stmt" count="0"/>
        <line num="417" type="method" name="insert_id" crap="2" count="0"/>
        <line num="419" type="stmt" count="0"/>
        <line num="432" type="method" name="_list_tables" crap="12" count="0"/>
        <line num="434" type="stmt" count="0"/>
        <line num="436" type="stmt" count="0"/>
        <line num="438" type="stmt" count="0"/>
        <line num="441" type="stmt" count="0"/>
        <line num="454" type="method" name="_list_columns" crap="2" count="0"/>
        <line num="456" type="stmt" count="0"/>
        <line num="467" type="method" name="field_data" crap="12" count="0"/>
        <line num="469" type="stmt" count="0"/>
        <line num="471" type="stmt" count="0"/>
        <line num="473" type="stmt" count="0"/>
        <line num="475" type="stmt" count="0"/>
        <line num="476" type="stmt" count="0"/>
        <line num="478" type="stmt" count="0"/>
        <line num="479" type="stmt" count="0"/>
        <line num="481" type="stmt" count="0"/>
        <line num="482" type="stmt" count="0"/>
        <line num="483" type="stmt" count="0"/>
        <line num="486" type="stmt" count="0"/>
        <line num="487" type="stmt" count="0"/>
        <line num="490" type="stmt" count="0"/>
        <line num="503" type="method" name="error" crap="6" count="0"/>
        <line num="505" type="stmt" count="0"/>
        <line num="508" type="stmt" count="0"/>
        <line num="509" type="stmt" count="0"/>
        <line num="513" type="stmt" count="0"/>
        <line num="526" type="method" name="_from_tables" crap="12" count="0"/>
        <line num="528" type="stmt" count="0"/>
        <line num="530" type="stmt" count="0"/>
        <line num="533" type="stmt" count="0"/>
        <line num="543" type="method" name="_close" crap="2" count="0"/>
        <line num="545" type="stmt" count="0"/>
        <line num="546" type="stmt" count="0"/>
        <metrics loc="548" ncloc="278" classes="1" methods="20" coveredmethods="1" conditionals="0" coveredconditionals="0" statements="107" coveredstatements="2" elements="127" coveredelements="3"/>
      </file>
    </package>
    <file name="/var/www/html/vendor/guzzlehttp/guzzle/src/functions.php">
      <line num="19" type="stmt" count="0"/>
      <line num="25" type="stmt" count="0"/>
      <line num="26" type="stmt" count="0"/>
      <line num="27" type="stmt" count="0"/>
      <line num="30" type="stmt" count="0"/>
      <line num="43" type="stmt" count="0"/>
      <line num="44" type="stmt" count="0"/>
      <line num="45" type="stmt" count="0"/>
      <line num="46" type="stmt" count="0"/>
      <line num="47" type="stmt" count="0"/>
      <line num="49" type="stmt" count="0"/>
      <line num="50" type="stmt" count="0"/>
      <line num="52" type="stmt" count="0"/>
      <line num="65" type="stmt" count="0"/>
      <line num="67" type="stmt" count="0"/>
      <line num="68" type="stmt" count="0"/>
      <line num="69" type="stmt" count="0"/>
      <line num="70" type="stmt" count="0"/>
      <line num="71" type="stmt" count="0"/>
      <line num="74" type="stmt" count="0"/>
      <line num="86" type="stmt" count="0"/>
      <line num="87" type="stmt" count="0"/>
      <line num="88" type="stmt" count="0"/>
      <line num="89" type="stmt" count="0"/>
      <line num="92" type="stmt" count="0"/>
      <line num="105" type="stmt" count="0"/>
      <line num="106" type="stmt" count="0"/>
      <line num="107" type="stmt" count="0"/>
      <line num="108" type="stmt" count="0"/>
      <line num="109" type="stmt" count="0"/>
      <line num="110" type="stmt" count="0"/>
      <line num="111" type="stmt" count="0"/>
      <line num="114" type="stmt" count="0"/>
      <line num="115" type="stmt" count="0"/>
      <line num="116" type="stmt" count="0"/>
      <line num="117" type="stmt" count="0"/>
      <line num="118" type="stmt" count="0"/>
      <line num="119" type="stmt" count="0"/>
      <line num="120" type="stmt" count="0"/>
      <line num="123" type="stmt" count="0"/>
      <line num="133" type="stmt" count="0"/>
      <line num="135" type="stmt" count="0"/>
      <line num="136" type="stmt" count="0"/>
      <line num="137" type="stmt" count="0"/>
      <line num="138" type="stmt" count="0"/>
      <line num="140" type="stmt" count="0"/>
      <line num="143" type="stmt" count="0"/>
      <line num="162" type="stmt" count="0"/>
      <line num="163" type="stmt" count="0"/>
      <line num="181" type="stmt" count="0"/>
      <line num="182" type="stmt" count="0"/>
      <line num="185" type="stmt" count="0"/>
      <line num="186" type="stmt" count="0"/>
      <line num="189" type="stmt" count="0"/>
      <line num="190" type="stmt" count="0"/>
      <line num="193" type="stmt" count="0"/>
      <line num="194" type="stmt" count="0"/>
      <line num="195" type="stmt" count="0"/>
      <line num="199" type="stmt" count="0"/>
      <line num="200" type="stmt" count="0"/>
      <line num="226" type="stmt" count="0"/>
      <line num="227" type="stmt" count="0"/>
      <line num="228" type="stmt" count="0"/>
      <line num="231" type="stmt" count="0"/>
      <line num="255" type="stmt" count="0"/>
      <line num="256" type="stmt" count="0"/>
      <line num="260" type="stmt" count="0"/>
      <line num="261" type="stmt" count="0"/>
      <line num="264" type="stmt" count="0"/>
      <line num="266" type="stmt" count="0"/>
      <line num="267" type="stmt" count="0"/>
      <line num="268" type="stmt" count="0"/>
      <line num="270" type="stmt" count="0"/>
      <line num="271" type="stmt" count="0"/>
      <line num="273" type="stmt" count="0"/>
      <line num="277" type="stmt" count="0"/>
      <line num="278" type="stmt" count="0"/>
      <line num="279" type="stmt" count="0"/>
      <line num="284" type="stmt" count="0"/>
      <line num="302" type="stmt" count="0"/>
      <line num="303" type="stmt" count="0"/>
      <line num="304" type="stmt" count="0"/>
      <line num="305" type="stmt" count="0"/>
      <line num="308" type="stmt" count="0"/>
      <line num="324" type="stmt" count="0"/>
      <line num="325" type="stmt" count="0"/>
      <line num="326" type="stmt" count="0"/>
      <line num="327" type="stmt" count="0"/>
      <line num="330" type="stmt" count="0"/>
      <metrics loc="331" ncloc="191" classes="0" methods="0" coveredmethods="0" conditionals="0" coveredconditionals="0" statements="89" coveredstatements="0" elements="89" coveredelements="0"/>
    </file>
    <file name="/var/www/html/vendor/guzzlehttp/promises/src/functions.php">
      <line num="23" type="stmt" count="0"/>
      <line num="25" type="stmt" count="0"/>
      <line num="26" type="stmt" count="0"/>
      <line num="27" type="stmt" count="0"/>
      <line num="28" type="stmt" count="0"/>
      <line num="31" type="stmt" count="0"/>
      <line num="44" type="stmt" count="0"/>
      <line num="45" type="stmt" count="0"/>
      <line num="48" type="stmt" count="0"/>
      <line num="49" type="stmt" count="0"/>
      <line num="50" type="stmt" count="0"/>
      <line num="51" type="stmt" count="0"/>
      <line num="52" type="stmt" count="0"/>
      <line num="54" type="stmt" count="0"/>
      <line num="56" type="stmt" count="0"/>
      <line num="68" type="stmt" count="0"/>
      <line num="69" type="stmt" count="0"/>
      <line num="73" type="stmt" count="0"/>
      <line num="74" type="stmt" count="0"/>
      <line num="75" type="stmt" count="0"/>
      <line num="76" type="stmt" count="0"/>
      <line num="77" type="stmt" count="0"/>
      <line num="78" type="stmt" count="0"/>
      <line num="81" type="stmt" count="0"/>
      <line num="94" type="stmt" count="0"/>
      <line num="95" type="stmt" count="0"/>
      <line num="98" type="stmt" count="0"/>
      <line num="110" type="stmt" count="0"/>
      <line num="111" type="stmt" count="0"/>
      <line num="112" type="stmt" count="0"/>
      <line num="124" type="stmt" count="0"/>
      <line num="125" type="stmt" count="0"/>
      <line num="126" type="stmt" count="0"/>
      <line num="127" type="stmt" count="0"/>
      <line num="129" type="stmt" count="0"/>
      <line num="151" type="stmt" count="0"/>
      <line num="152" type="stmt" count="0"/>
      <line num="154" type="stmt" count="0"/>
      <line num="155" type="stmt" count="0"/>
      <line num="156" type="stmt" count="0"/>
      <line num="157" type="stmt" count="0"/>
      <line num="158" type="stmt" count="0"/>
      <line num="159" type="stmt" count="0"/>
      <line num="176" type="stmt" count="0"/>
      <line num="177" type="stmt" count="0"/>
      <line num="178" type="stmt" count="0"/>
      <line num="181" type="stmt" count="0"/>
      <line num="199" type="stmt" count="0"/>
      <line num="200" type="stmt" count="0"/>
      <line num="201" type="stmt" count="0"/>
      <line num="204" type="stmt" count="0"/>
      <line num="221" type="stmt" count="0"/>
      <line num="222" type="stmt" count="0"/>
      <line num="223" type="stmt" count="0"/>
      <line num="225" type="stmt" count="0"/>
      <line num="226" type="stmt" count="0"/>
      <line num="228" type="stmt" count="0"/>
      <line num="229" type="stmt" count="0"/>
      <line num="231" type="stmt" count="0"/>
      <line num="232" type="stmt" count="0"/>
      <line num="233" type="stmt" count="0"/>
      <line num="254" type="stmt" count="0"/>
      <line num="255" type="stmt" count="0"/>
      <line num="257" type="stmt" count="0"/>
      <line num="258" type="stmt" count="0"/>
      <line num="260" type="stmt" count="0"/>
      <line num="261" type="stmt" count="0"/>
      <line num="263" type="stmt" count="0"/>
      <line num="264" type="stmt" count="0"/>
      <line num="265" type="stmt" count="0"/>
      <line num="267" type="stmt" count="0"/>
      <line num="269" type="stmt" count="0"/>
      <line num="270" type="stmt" count="0"/>
      <line num="271" type="stmt" count="0"/>
      <line num="273" type="stmt" count="0"/>
      <line num="274" type="stmt" count="0"/>
      <line num="275" type="stmt" count="0"/>
      <line num="276" type="stmt" count="0"/>
      <line num="279" type="stmt" count="0"/>
      <line num="280" type="stmt" count="0"/>
      <line num="281" type="stmt" count="0"/>
      <line num="311" type="stmt" count="0"/>
      <line num="313" type="stmt" count="0"/>
      <line num="314" type="stmt" count="0"/>
      <line num="316" type="stmt" count="0"/>
      <line num="317" type="stmt" count="0"/>
      <line num="319" type="stmt" count="0"/>
      <line num="320" type="stmt" count="0"/>
      <line num="322" type="stmt" count="0"/>
      <line num="323" type="stmt" count="0"/>
      <line num="324" type="stmt" count="0"/>
      <line num="351" type="stmt" count="0"/>
      <line num="352" type="stmt" count="0"/>
      <line num="353" type="stmt" count="0"/>
      <line num="354" type="stmt" count="0"/>
      <line num="378" type="stmt" count="0"/>
      <line num="379" type="stmt" count="0"/>
      <line num="380" type="stmt" count="0"/>
      <line num="381" type="stmt" count="0"/>
      <line num="382" type="stmt" count="0"/>
      <line num="401" type="stmt" count="0"/>
      <line num="402" type="stmt" count="0"/>
      <line num="403" type="stmt" count="0"/>
      <line num="404" type="stmt" count="0"/>
      <line num="406" type="stmt" count="0"/>
      <line num="407" type="stmt" count="0"/>
      <line num="420" type="stmt" count="0"/>
      <line num="432" type="stmt" count="0"/>
      <line num="444" type="stmt" count="0"/>
      <line num="456" type="stmt" count="0"/>
      <metrics loc="457" ncloc="243" classes="0" methods="0" coveredmethods="0" conditionals="0" coveredconditionals="0" statements="110" coveredstatements="0" elements="110" coveredelements="0"/>
    </file>
    <file name="/var/www/html/vendor/guzzlehttp/psr7/src/functions.php">
      <line num="20" type="stmt" count="0"/>
      <line num="21" type="stmt" count="0"/>
      <line num="22" type="stmt" count="0"/>
      <line num="23" type="stmt" count="0"/>
      <line num="24" type="stmt" count="0"/>
      <line num="25" type="stmt" count="0"/>
      <line num="27" type="stmt" count="0"/>
      <line num="28" type="stmt" count="0"/>
      <line num="29" type="stmt" count="0"/>
      <line num="30" type="stmt" count="0"/>
      <line num="32" type="stmt" count="0"/>
      <line num="35" type="stmt" count="0"/>
      <line num="36" type="stmt" count="0"/>
      <line num="39" type="stmt" count="0"/>
      <line num="56" type="stmt" count="0"/>
      <line num="57" type="stmt" count="0"/>
      <line num="58" type="stmt" count="0"/>
      <line num="59" type="stmt" count="0"/>
      <line num="62" type="stmt" count="0"/>
      <line num="80" type="stmt" count="0"/>
      <line num="81" type="stmt" count="0"/>
      <line num="82" type="stmt" count="0"/>
      <line num="83" type="stmt" count="0"/>
      <line num="84" type="stmt" count="0"/>
      <line num="86" type="stmt" count="0"/>
      <line num="89" type="stmt" count="0"/>
      <line num="90" type="stmt" count="0"/>
      <line num="91" type="stmt" count="0"/>
      <line num="92" type="stmt" count="0"/>
      <line num="93" type="stmt" count="0"/>
      <line num="94" type="stmt" count="0"/>
      <line num="95" type="stmt" count="0"/>
      <line num="97" type="stmt" count="0"/>
      <line num="98" type="stmt" count="0"/>
      <line num="100" type="stmt" count="0"/>
      <line num="101" type="stmt" count="0"/>
      <line num="102" type="stmt" count="0"/>
      <line num="103" type="stmt" count="0"/>
      <line num="104" type="stmt" count="0"/>
      <line num="105" type="stmt" count="0"/>
      <line num="107" type="stmt" count="0"/>
      <line num="108" type="stmt" count="0"/>
      <line num="109" type="stmt" count="0"/>
      <line num="112" type="stmt" count="0"/>
      <line num="113" type="stmt" count="0"/>
      <line num="116" type="stmt" count="0"/>
      <line num="131" type="stmt" count="0"/>
      <line num="132" type="stmt" count="0"/>
      <line num="134" type="stmt" count="0"/>
      <line num="135" type="stmt" count="0"/>
      <line num="136" type="stmt" count="0"/>
      <line num="137" type="stmt" count="0"/>
      <line num="138" type="stmt" count="0"/>
      <line num="139" type="stmt" count="0"/>
      <line num="140" type="stmt" count="0"/>
      <line num="142" type="stmt" count="0"/>
      <line num="146" type="stmt" count="0"/>
      <line num="147" type="stmt" count="0"/>
      <line num="151" type="stmt" count="0"/>
      <line num="164" type="stmt" count="0"/>
      <line num="165" type="stmt" count="0"/>
      <line num="168" type="stmt" count="0"/>
      <line num="169" type="stmt" count="0"/>
      <line num="170" type="stmt" count="0"/>
      <line num="171" type="stmt" count="0"/>
      <line num="172" type="stmt" count="0"/>
      <line num="173" type="stmt" count="0"/>
      <line num="175" type="stmt" count="0"/>
      <line num="176" type="stmt" count="0"/>
      <line num="181" type="stmt" count="0"/>
      <line num="203" type="stmt" count="0"/>
      <line num="204" type="stmt" count="0"/>
      <line num="207" type="stmt" count="0"/>
      <line num="209" type="stmt" count="0"/>
      <line num="210" type="stmt" count="0"/>
      <line num="213" type="stmt" count="0"/>
      <line num="214" type="stmt" count="0"/>
      <line num="216" type="stmt" count="0"/>
      <line num="217" type="stmt" count="0"/>
      <line num="218" type="stmt" count="0"/>
      <line num="219" type="stmt" count="0"/>
      <line num="220" type="stmt" count="0"/>
      <line num="224" type="stmt" count="0"/>
      <line num="227" type="stmt" count="0"/>
      <line num="228" type="stmt" count="0"/>
      <line num="231" type="stmt" count="0"/>
      <line num="232" type="stmt" count="0"/>
      <line num="233" type="stmt" count="0"/>
      <line num="236" type="stmt" count="0"/>
      <line num="237" type="stmt" count="0"/>
      <line num="240" type="stmt" count="0"/>
      <line num="241" type="stmt" count="0"/>
      <line num="242" type="stmt" count="0"/>
      <line num="243" type="stmt" count="0"/>
      <line num="244" type="stmt" count="0"/>
      <line num="245" type="stmt" count="0"/>
      <line num="246" type="stmt" count="0"/>
      <line num="247" type="stmt" count="0"/>
      <line num="248" type="stmt" count="0"/>
      <line num="249" type="stmt" count="0"/>
      <line num="253" type="stmt" count="0"/>
      <line num="254" type="stmt" count="0"/>
      <line num="255" type="stmt" count="0"/>
      <line num="256" type="stmt" count="0"/>
      <line num="257" type="stmt" count="0"/>
      <line num="258" type="stmt" count="0"/>
      <line num="259" type="stmt" count="0"/>
      <line num="260" type="stmt" count="0"/>
      <line num="276" type="stmt" count="0"/>
      <line num="278" type="stmt" count="0"/>
      <line num="279" type="stmt" count="0"/>
      <line num="281" type="stmt" count="0"/>
      <line num="297" type="stmt" count="0"/>
      <line num="299" type="stmt" count="0"/>
      <line num="300" type="stmt" count="0"/>
      <line num="301" type="stmt" count="0"/>
      <line num="302" type="stmt" count="0"/>
      <line num="303" type="stmt" count="0"/>
      <line num="305" type="stmt" count="0"/>
      <line num="307" type="stmt" count="0"/>
      <line num="308" type="stmt" count="0"/>
      <line num="310" type="stmt" count="0"/>
      <line num="312" type="stmt" count="0"/>
      <line num="315" type="stmt" count="0"/>
      <line num="330" type="stmt" count="0"/>
      <line num="332" type="stmt" count="0"/>
      <line num="333" type="stmt" count="0"/>
      <line num="334" type="stmt" count="0"/>
      <line num="336" type="stmt" count="0"/>
      <line num="337" type="stmt" count="0"/>
      <line num="339" type="stmt" count="0"/>
      <line num="341" type="stmt" count="0"/>
      <line num="344" type="stmt" count="0"/>
      <line num="345" type="stmt" count="0"/>
      <line num="346" type="stmt" count="0"/>
      <line num="348" type="stmt" count="0"/>
      <line num="349" type="stmt" count="0"/>
      <line num="351" type="stmt" count="0"/>
      <line num="352" type="stmt" count="0"/>
      <line num="355" type="stmt" count="0"/>
      <line num="374" type="stmt" count="0"/>
      <line num="376" type="stmt" count="0"/>
      <line num="377" type="stmt" count="0"/>
      <line num="378" type="stmt" count="0"/>
      <line num="379" type="stmt" count="0"/>
      <line num="383" type="stmt" count="0"/>
      <line num="384" type="stmt" count="0"/>
      <line num="385" type="stmt" count="0"/>
      <line num="386" type="stmt" count="0"/>
      <line num="387" type="stmt" count="0"/>
      <line num="388" type="stmt" count="0"/>
      <line num="390" type="stmt" count="0"/>
      <line num="391" type="stmt" count="0"/>
      <line num="394" type="stmt" count="0"/>
      <line num="411" type="stmt" count="0"/>
      <line num="413" type="stmt" count="0"/>
      <line num="414" type="stmt" count="0"/>
      <line num="417" type="stmt" count="0"/>
      <line num="418" type="stmt" count="0"/>
      <line num="419" type="stmt" count="0"/>
      <line num="422" type="stmt" count="0"/>
      <line num="423" type="stmt" count="0"/>
      <line num="425" type="stmt" count="0"/>
      <line num="438" type="stmt" count="0"/>
      <line num="439" type="stmt" count="0"/>
      <line num="441" type="stmt" count="0"/>
      <line num="443" type="stmt" count="0"/>
      <line num="444" type="stmt" count="0"/>
      <line num="446" type="stmt" count="0"/>
      <line num="448" type="stmt" count="0"/>
      <line num="449" type="stmt" count="0"/>
      <line num="453" type="stmt" count="0"/>
      <line num="465" type="stmt" count="0"/>
      <line num="466" type="stmt" count="0"/>
      <line num="467" type="stmt" count="0"/>
      <line num="468" type="stmt" count="0"/>
      <line num="470" type="stmt" count="0"/>
      <line num="471" type="stmt" count="0"/>
      <line num="473" type="stmt" count="0"/>
      <line num="474" type="stmt" count="0"/>
      <line num="475" type="stmt" count="0"/>
      <line num="476" type="stmt" count="0"/>
      <line num="477" type="stmt" count="0"/>
      <line num="478" type="stmt" count="0"/>
      <line num="481" type="stmt" count="0"/>
      <line num="493" type="stmt" count="0"/>
      <line num="497" type="stmt" count="0"/>
      <line num="498" type="stmt" count="0"/>
      <line num="500" type="stmt" count="0"/>
      <line num="502" type="stmt" count="0"/>
      <line num="503" type="stmt" count="0"/>
      <line num="504" type="stmt" count="0"/>
      <line num="505" type="stmt" count="0"/>
      <line num="506" type="stmt" count="0"/>
      <line num="507" type="stmt" count="0"/>
      <line num="526" type="stmt" count="0"/>
      <line num="528" type="stmt" count="0"/>
      <line num="529" type="stmt" count="0"/>
      <line num="532" type="stmt" count="0"/>
      <line num="534" type="stmt" count="0"/>
      <line num="535" type="stmt" count="0"/>
      <line num="536" type="stmt" count="0"/>
      <line num="537" type="stmt" count="0"/>
      <line num="538" type="stmt" count="0"/>
      <line num="539" type="stmt" count="0"/>
      <line num="544" type="stmt" count="0"/>
      <line num="545" type="stmt" count="0"/>
      <line num="546" type="stmt" count="0"/>
      <line num="547" type="stmt" count="0"/>
      <line num="548" type="stmt" count="0"/>
      <line num="549" type="stmt" count="0"/>
      <line num="551" type="stmt" count="0"/>
      <line num="552" type="stmt" count="0"/>
      <line num="554" type="stmt" count="0"/>
      <line num="558" type="stmt" count="0"/>
      <line num="576" type="stmt" count="0"/>
      <line num="577" type="stmt" count="0"/>
      <line num="580" type="stmt" count="0"/>
      <line num="582" type="stmt" count="0"/>
      <line num="583" type="stmt" count="0"/>
      <line num="584" type="stmt" count="0"/>
      <line num="585" type="stmt" count="0"/>
      <line num="587" type="stmt" count="0"/>
      <line num="590" type="stmt" count="0"/>
      <line num="591" type="stmt" count="0"/>
      <line num="592" type="stmt" count="0"/>
      <line num="593" type="stmt" count="0"/>
      <line num="594" type="stmt" count="0"/>
      <line num="595" type="stmt" count="0"/>
      <line num="596" type="stmt" count="0"/>
      <line num="598" type="stmt" count="0"/>
      <line num="600" type="stmt" count="0"/>
      <line num="601" type="stmt" count="0"/>
      <line num="602" type="stmt" count="0"/>
      <line num="603" type="stmt" count="0"/>
      <line num="605" type="stmt" count="0"/>
      <line num="610" type="stmt" count="0"/>
      <line num="622" type="stmt" count="0"/>
      <line num="635" type="stmt" count="0"/>
      <line num="736" type="stmt" count="0"/>
      <line num="738" type="stmt" count="0"/>
      <line num="739" type="stmt" count="0"/>
      <line num="740" type="stmt" count="0"/>
      <line num="757" type="stmt" count="0"/>
      <line num="758" type="stmt" count="0"/>
      <line num="762" type="stmt" count="0"/>
      <line num="763" type="stmt" count="0"/>
      <line num="764" type="stmt" count="0"/>
      <line num="766" type="stmt" count="0"/>
      <line num="767" type="stmt" count="0"/>
      <line num="769" type="stmt" count="0"/>
      <line num="770" type="stmt" count="0"/>
      <line num="771" type="stmt" count="0"/>
      <line num="773" type="stmt" count="0"/>
      <line num="775" type="stmt" count="0"/>
      <line num="776" type="stmt" count="0"/>
      <line num="777" type="stmt" count="0"/>
      <line num="778" type="stmt" count="0"/>
      <line num="779" type="stmt" count="0"/>
      <line num="783" type="stmt" count="0"/>
      <line num="798" type="stmt" count="0"/>
      <line num="799" type="stmt" count="0"/>
      <line num="802" type="stmt" count="0"/>
      <line num="803" type="stmt" count="0"/>
      <line num="806" type="stmt" count="0"/>
      <line num="807" type="stmt" count="0"/>
      <line num="809" type="stmt" count="0"/>
      <line num="815" type="stmt" count="0"/>
      <line num="817" type="stmt" count="0"/>
      <line num="818" type="stmt" count="0"/>
      <line num="821" type="stmt" count="0"/>
      <line num="822" type="stmt" count="0"/>
      <line num="823" type="stmt" count="0"/>
      <line num="827" type="stmt" count="0"/>
      <metrics loc="828" ncloc="600" classes="0" methods="0" coveredmethods="0" conditionals="0" coveredconditionals="0" statements="274" coveredstatements="0" elements="274" coveredelements="0"/>
    </file>
    <file name="/var/www/html/vendor/symfony/polyfill-mbstring/bootstrap.php">
      <metrics loc="56" ncloc="48" classes="0" methods="0" coveredmethods="0" conditionals="0" coveredconditionals="0" statements="0" coveredstatements="0" elements="0" coveredelements="0"/>
    </file>
    <metrics files="8" loc="4253" ncloc="2343" classes="3" methods="79" coveredmethods="2" conditionals="0" coveredconditionals="0" statements="986" coveredstatements="9" elements="1065" coveredelements="11"/>
  </project>
</coverage>
